<?xml version="1.0" encoding="UTF-8"?>
<testsuites name="jest tests" tests="12" failures="0" errors="0" time="1.463">
  <testsuite name="sanitize utils" errors="0" failures="0" skipped="0" timestamp="2026-04-21T08:44:22" time="0.255" tests="9">
    <testcase classname="sanitize utils escapeRegex escapes special regex chars" name="sanitize utils escapeRegex escapes special regex chars" time="0.004">
    </testcase>
    <testcase classname="sanitize utils escapeRegex handles normal strings" name="sanitize utils escapeRegex handles normal strings" time="0">
    </testcase>
    <testcase classname="sanitize utils sanitizeSortField allows whitelisted fields" name="sanitize utils sanitizeSortField allows whitelisted fields" time="0.001">
    </testcase>
    <testcase classname="sanitize utils sanitizeSortField falls back to default for non-whitelisted fields" name="sanitize utils sanitizeSortField falls back to default for non-whitelisted fields" time="0">
    </testcase>
    <testcase classname="sanitize utils sanitizeSortField uses provided default" name="sanitize utils sanitizeSortField uses provided default" time="0.001">
    </testcase>
    <testcase classname="sanitize utils toSafeString converts primitives to string" name="sanitize utils toSafeString converts primitives to string" time="0">
    </testcase>
    <testcase classname="sanitize utils toSafeString returns undefined for objects (prevents operator injection)" name="sanitize utils toSafeString returns undefined for objects (prevents operator injection)" time="0.001">
    </testcase>
    <testcase classname="sanitize utils sanitizeStatus allows valid status" name="sanitize utils sanitizeStatus allows valid status" time="0">
    </testcase>
    <testcase classname="sanitize utils sanitizeStatus rejects invalid status" name="sanitize utils sanitizeStatus rejects invalid status" time="0">
    </testcase>
  </testsuite>
  <testsuite name="Health Check" errors="0" failures="0" skipped="0" timestamp="2026-04-21T08:44:22" time="1.303" tests="3">
    <testcase classname="Health Check GET /health returns 200" name="Health Check GET /health returns 200" time="0.022">
    </testcase>
    <testcase classname="Health Check GET / returns API info" name="Health Check GET / returns API info" time="0.003">
    </testcase>
    <testcase classname="Health Check GET /api/v1/unknown returns 404" name="Health Check GET /api/v1/unknown returns 404" time="0.005">
    </testcase>
  </testsuite>
</testsuites>